Could not open CA certificates file. SSL will not work properly.
Could not open CA certificates file. SSL will not work properly.
No user settings database specified. Ignoring.

Welcome to Willie. Loading modules...


Error loading ip: No module named pygeoip (modules/ip.py:13)
Error loading currency: No module named lxml (modules/currency.py:11)
Error loading weather: No module named feedparser (modules/weather.py:15)
Error loading spellcheck: No module named enchant (modules/spellcheck.py:13)
Error in chanlogs setup procedure: ConfigurationError: Channel logs are not configured (modules/chanlogs.py:80)
Error loading reddit: No module named praw (modules/reddit.py:14)
Error loading ipython: No module named IPython (modules/ipython.py:23)
Error loading rss: No module named feedparser (modules/rss.py:16)
Error loading bugzilla: No module named lxml (modules/bugzilla.py:11)


Registered 35 modules,
9 modules failed to load


Connecting to irc.twitch.tv:6667...
Connected.
KeyboardInterrupt
Could not open CA certificates file. SSL will not work properly.
Could not open CA certificates file. SSL will not work properly.
No user settings database specified. Ignoring.

Welcome to Willie. Loading modules...


Error loading ip: No module named pygeoip (modules/ip.py:13)
Error loading currency: No module named lxml (modules/currency.py:11)
Error loading weather: No module named feedparser (modules/weather.py:15)
Error loading spellcheck: No module named enchant (modules/spellcheck.py:13)
Error in chanlogs setup procedure: ConfigurationError: Channel logs are not configured (modules/chanlogs.py:80)
Error loading reddit: No module named praw (modules/reddit.py:14)
Error loading ipython: No module named IPython (modules/ipython.py:23)
Error loading rss: No module named feedparser (modules/rss.py:16)
Error loading bugzilla: No module named lxml (modules/bugzilla.py:11)


Registered 35 modules,
9 modules failed to load


Connecting to irc.twitch.tv:6667...
Connected.
KeyboardInterrupt
Could not open CA certificates file. SSL will not work properly.
Could not open CA certificates file. SSL will not work properly.
No user settings database specified. Ignoring.

Welcome to Willie. Loading modules...


Error loading ip: No module named pygeoip (modules/ip.py:13)
Error loading currency: No module named lxml (modules/currency.py:11)
Error loading weather: No module named feedparser (modules/weather.py:15)
Error loading spellcheck: No module named enchant (modules/spellcheck.py:13)
Error in chanlogs setup procedure: ConfigurationError: Channel logs are not configured (modules/chanlogs.py:80)
Error loading reddit: No module named praw (modules/reddit.py:14)
Error loading ipython: No module named IPython (modules/ipython.py:23)
Error loading rss: No module named feedparser (modules/rss.py:16)
Error loading bugzilla: No module named lxml (modules/bugzilla.py:11)


Registered 36 modules,
9 modules failed to load


Connecting to irc.twitch.tv:6667...
Connected.
KeyboardInterrupt
Could not open CA certificates file. SSL will not work properly.
Could not open CA certificates file. SSL will not work properly.
No user settings database specified. Ignoring.

Welcome to Willie. Loading modules...


Error loading ip: No module named pygeoip (modules/ip.py:13)
Error loading currency: No module named lxml (modules/currency.py:11)
Error loading weather: No module named feedparser (modules/weather.py:15)
Error loading spellcheck: No module named enchant (modules/spellcheck.py:13)
Error in chanlogs setup procedure: ConfigurationError: Channel logs are not configured (modules/chanlogs.py:80)
Error loading reddit: No module named praw (modules/reddit.py:14)
Error loading ipython: No module named IPython (modules/ipython.py:23)
Error loading rss: No module named feedparser (modules/rss.py:16)
Error loading bugzilla: No module named lxml (modules/bugzilla.py:11)


Registered 36 modules,
9 modules failed to load


Connecting to irc.twitch.tv:6667...
Connected.
KeyboardInterrupt
Could not open CA certificates file. SSL will not work properly.
Could not open CA certificates file. SSL will not work properly.
No user settings database specified. Ignoring.

Welcome to Willie. Loading modules...


Error loading ip: No module named pygeoip (modules/ip.py:13)
Error loading currency: No module named lxml (modules/currency.py:11)
Error loading weather: No module named feedparser (modules/weather.py:15)
Error loading spellcheck: No module named enchant (modules/spellcheck.py:13)
Error in chanlogs setup procedure: ConfigurationError: Channel logs are not configured (modules/chanlogs.py:80)
Error loading reddit: No module named praw (modules/reddit.py:14)
Error loading ipython: No module named IPython (modules/ipython.py:23)
Error loading rss: No module named feedparser (modules/rss.py:16)
Error loading bugzilla: No module named lxml (modules/bugzilla.py:11)


Registered 36 modules,
9 modules failed to load


Connecting to chat.freenode.net:6667...
Connected.
KeyboardInterrupt
Could not open CA certificates file. SSL will not work properly.
Could not open CA certificates file. SSL will not work properly.
No user settings database specified. Ignoring.

Welcome to Willie. Loading modules...


Error loading ip: No module named pygeoip (modules/ip.py:13)
Error loading currency: No module named lxml (modules/currency.py:11)
Error loading weather: No module named feedparser (modules/weather.py:15)
Error loading spellcheck: No module named enchant (modules/spellcheck.py:13)
Error in chanlogs setup procedure: ConfigurationError: Channel logs are not configured (modules/chanlogs.py:80)
Error loading reddit: No module named praw (modules/reddit.py:14)
Error loading ipython: No module named IPython (modules/ipython.py:23)
Error loading rss: No module named feedparser (modules/rss.py:16)
Error loading bugzilla: No module named lxml (modules/bugzilla.py:11)


Registered 36 modules,
9 modules failed to load


Connecting to irc.twitch.tv:6667...
Connected.
KeyboardInterrupt
Could not open CA certificates file. SSL will not work properly.
Could not open CA certificates file. SSL will not work properly.
No user settings database specified. Ignoring.

Welcome to Willie. Loading modules...


Error loading ip: No module named pygeoip (modules/ip.py:13)
Error loading currency: No module named lxml (modules/currency.py:11)
Error loading weather: No module named feedparser (modules/weather.py:15)
Error loading spellcheck: No module named enchant (modules/spellcheck.py:13)
Error in chanlogs setup procedure: ConfigurationError: Channel logs are not configured (modules/chanlogs.py:80)
Error loading reddit: No module named praw (modules/reddit.py:14)
Error loading ipython: No module named IPython (modules/ipython.py:23)
Error loading rss: No module named feedparser (modules/rss.py:16)
Error loading bugzilla: No module named lxml (modules/bugzilla.py:11)


Registered 36 modules,
9 modules failed to load


Connecting to irc.twitch.tv:6667...
Connected.
KeyboardInterrupt
Could not open CA certificates file. SSL will not work properly.
Could not open CA certificates file. SSL will not work properly.
No user settings database specified. Ignoring.

Welcome to Willie. Loading modules...


Error loading ip: No module named pygeoip (modules/ip.py:13)
Error loading currency: No module named lxml (modules/currency.py:11)
Error loading weather: No module named feedparser (modules/weather.py:15)
Error loading spellcheck: No module named enchant (modules/spellcheck.py:13)
Error in chanlogs setup procedure: ConfigurationError: Channel logs are not configured (modules/chanlogs.py:80)
Error loading reddit: No module named praw (modules/reddit.py:14)
Error loading ipython: No module named IPython (modules/ipython.py:23)
Error loading rss: No module named feedparser (modules/rss.py:16)
Error loading bugzilla: No module named lxml (modules/bugzilla.py:11)


Registered 36 modules,
9 modules failed to load


Connecting to irc.twitch.tv:6667...
Connected.
KeyboardInterrupt
Could not open CA certificates file. SSL will not work properly.
Could not open CA certificates file. SSL will not work properly.
No user settings database specified. Ignoring.

Welcome to Willie. Loading modules...


Error loading ip: No module named pygeoip (modules/ip.py:13)
Error loading currency: No module named lxml (modules/currency.py:11)
Error loading weather: No module named feedparser (modules/weather.py:15)
Error loading spellcheck: No module named enchant (modules/spellcheck.py:13)
Error in chanlogs setup procedure: ConfigurationError: Channel logs are not configured (modules/chanlogs.py:80)
Error loading reddit: No module named praw (modules/reddit.py:14)
Error loading ipython: No module named IPython (modules/ipython.py:23)
Error loading rss: No module named feedparser (modules/rss.py:16)
Error loading bugzilla: No module named lxml (modules/bugzilla.py:11)


Registered 36 modules,
9 modules failed to load


Connecting to irc.twitch.tv:6667...
Connected.
Traceback (most recent call last):
  File "/Library/Python/2.7/site-packages/willie/bot.py", line 741, in call
    exit_code = func(willie, trigger)
  File "/Users/ellensu/.willie/modules/helloworld.py", line 5, in helloworld
    bot.say(trigger.bytes.upper)
  File "/Library/Python/2.7/site-packages/willie/bot.py", line 582, in say
    self.bot.msg(self.origin.sender, string, max_messages)
  File "/Library/Python/2.7/site-packages/willie/irc.py", line 466, in msg
    text = encoded_text.decode('utf-8')
AttributeError: 'builtin_function_or_method' object has no attribute 'decode'

Traceback (most recent call last):
  File "/Library/Python/2.7/site-packages/willie/bot.py", line 741, in call
    exit_code = func(willie, trigger)
  File "/Users/ellensu/.willie/modules/helloworld.py", line 5, in helloworld
    bot.say(trigger.bytes.upper)
  File "/Library/Python/2.7/site-packages/willie/bot.py", line 582, in say
    self.bot.msg(self.origin.sender, string, max_messages)
  File "/Library/Python/2.7/site-packages/willie/irc.py", line 466, in msg
    text = encoded_text.decode('utf-8')
AttributeError: 'builtin_function_or_method' object has no attribute 'decode'

KeyboardInterrupt
Could not open CA certificates file. SSL will not work properly.
Could not open CA certificates file. SSL will not work properly.
No user settings database specified. Ignoring.

Welcome to Willie. Loading modules...


Error loading ip: No module named pygeoip (modules/ip.py:13)
Error loading currency: No module named lxml (modules/currency.py:11)
Error loading weather: No module named feedparser (modules/weather.py:15)
Error loading spellcheck: No module named enchant (modules/spellcheck.py:13)
Error in chanlogs setup procedure: ConfigurationError: Channel logs are not configured (modules/chanlogs.py:80)
Error loading reddit: No module named praw (modules/reddit.py:14)
Error loading ipython: No module named IPython (modules/ipython.py:23)
Error loading rss: No module named feedparser (modules/rss.py:16)
Error loading bugzilla: No module named lxml (modules/bugzilla.py:11)


Registered 36 modules,
9 modules failed to load


Connecting to irc.twitch.tv:6667...
Connected.
Traceback (most recent call last):
  File "/Library/Python/2.7/site-packages/willie/bot.py", line 741, in call
    exit_code = func(willie, trigger)
  File "/Users/ellensu/.willie/modules/helloworld.py", line 5, in helloworld
    bot.say(str(trigger.bytes).upper)
  File "/Library/Python/2.7/site-packages/willie/bot.py", line 582, in say
    self.bot.msg(self.origin.sender, string, max_messages)
  File "/Library/Python/2.7/site-packages/willie/irc.py", line 466, in msg
    text = encoded_text.decode('utf-8')
AttributeError: 'builtin_function_or_method' object has no attribute 'decode'

Traceback (most recent call last):
  File "/Library/Python/2.7/site-packages/willie/bot.py", line 741, in call
    exit_code = func(willie, trigger)
  File "/Users/ellensu/.willie/modules/helloworld.py", line 5, in helloworld
    bot.say(str(trigger.bytes).upper)
  File "/Library/Python/2.7/site-packages/willie/bot.py", line 582, in say
    self.bot.msg(self.origin.sender, string, max_messages)
  File "/Library/Python/2.7/site-packages/willie/irc.py", line 466, in msg
    text = encoded_text.decode('utf-8')
AttributeError: 'builtin_function_or_method' object has no attribute 'decode'

KeyboardInterrupt
Could not open CA certificates file. SSL will not work properly.
Could not open CA certificates file. SSL will not work properly.
No user settings database specified. Ignoring.

Welcome to Willie. Loading modules...


Error loading ip: No module named pygeoip (modules/ip.py:13)
Error loading currency: No module named lxml (modules/currency.py:11)
Error loading weather: No module named feedparser (modules/weather.py:15)
Error loading spellcheck: No module named enchant (modules/spellcheck.py:13)
Error in chanlogs setup procedure: ConfigurationError: Channel logs are not configured (modules/chanlogs.py:80)
Error loading reddit: No module named praw (modules/reddit.py:14)
Error loading ipython: No module named IPython (modules/ipython.py:23)
Error loading rss: No module named feedparser (modules/rss.py:16)
Error loading bugzilla: No module named lxml (modules/bugzilla.py:11)


Registered 36 modules,
9 modules failed to load


Connecting to irc.twitch.tv:6667...
Connected.
KeyboardInterrupt
Could not open CA certificates file. SSL will not work properly.
Could not open CA certificates file. SSL will not work properly.
No user settings database specified. Ignoring.

Welcome to Willie. Loading modules...


Error loading ip: No module named pygeoip (modules/ip.py:13)
Error loading currency: No module named lxml (modules/currency.py:11)
Error loading weather: No module named feedparser (modules/weather.py:15)
Error loading spellcheck: No module named enchant (modules/spellcheck.py:13)
Error in chanlogs setup procedure: ConfigurationError: Channel logs are not configured (modules/chanlogs.py:80)
Error loading reddit: No module named praw (modules/reddit.py:14)
Error loading ipython: No module named IPython (modules/ipython.py:23)
Error loading rss: No module named feedparser (modules/rss.py:16)
Error loading bugzilla: No module named lxml (modules/bugzilla.py:11)


Registered 36 modules,
9 modules failed to load


Connecting to irc.twitch.tv:6667...
Connected.
Traceback (most recent call last):
  File "/Library/Python/2.7/site-packages/willie/bot.py", line 741, in call
    exit_code = func(willie, trigger)
  File "/Users/ellensu/.willie/modules/helloworld.py", line 5, in helloworld
    bot.say(str(trigger.bytes) == 'forward')
  File "/Library/Python/2.7/site-packages/willie/bot.py", line 582, in say
    self.bot.msg(self.origin.sender, string, max_messages)
  File "/Library/Python/2.7/site-packages/willie/irc.py", line 466, in msg
    text = encoded_text.decode('utf-8')
AttributeError: 'bool' object has no attribute 'decode'

Traceback (most recent call last):
  File "/Library/Python/2.7/site-packages/willie/bot.py", line 741, in call
    exit_code = func(willie, trigger)
  File "/Users/ellensu/.willie/modules/helloworld.py", line 5, in helloworld
    bot.say(str(trigger.bytes) == 'forward')
  File "/Library/Python/2.7/site-packages/willie/bot.py", line 582, in say
    self.bot.msg(self.origin.sender, string, max_messages)
  File "/Library/Python/2.7/site-packages/willie/irc.py", line 466, in msg
    text = encoded_text.decode('utf-8')
AttributeError: 'bool' object has no attribute 'decode'

KeyboardInterrupt
Could not open CA certificates file. SSL will not work properly.
Could not open CA certificates file. SSL will not work properly.
No user settings database specified. Ignoring.

Welcome to Willie. Loading modules...


Error loading ip: No module named pygeoip (modules/ip.py:13)
Error loading currency: No module named lxml (modules/currency.py:11)
Error loading weather: No module named feedparser (modules/weather.py:15)
Error loading spellcheck: No module named enchant (modules/spellcheck.py:13)
Error in chanlogs setup procedure: ConfigurationError: Channel logs are not configured (modules/chanlogs.py:80)
Error loading reddit: No module named praw (modules/reddit.py:14)
Error loading ipython: No module named IPython (modules/ipython.py:23)
Error loading rss: No module named feedparser (modules/rss.py:16)
Error loading bugzilla: No module named lxml (modules/bugzilla.py:11)


Registered 36 modules,
9 modules failed to load


Connecting to irc.twitch.tv:6667...
Connected.
Traceback (most recent call last):
  File "/Library/Python/2.7/site-packages/willie/bot.py", line 741, in call
    exit_code = func(willie, trigger)
  File "/Users/ellensu/.willie/modules/helloworld.py", line 5, in helloworld
    bot.say(len(rigger.bytes))
NameError: global name 'rigger' is not defined

Traceback (most recent call last):
  File "/Library/Python/2.7/site-packages/willie/bot.py", line 741, in call
    exit_code = func(willie, trigger)
  File "/Users/ellensu/.willie/modules/helloworld.py", line 5, in helloworld
    bot.say(len(rigger.bytes))
NameError: global name 'rigger' is not defined

KeyboardInterrupt
Could not open CA certificates file. SSL will not work properly.
Could not open CA certificates file. SSL will not work properly.
No user settings database specified. Ignoring.

Welcome to Willie. Loading modules...


Error loading ip: No module named pygeoip (modules/ip.py:13)
Error loading currency: No module named lxml (modules/currency.py:11)
Error loading weather: No module named feedparser (modules/weather.py:15)
Error loading spellcheck: No module named enchant (modules/spellcheck.py:13)
Error in chanlogs setup procedure: ConfigurationError: Channel logs are not configured (modules/chanlogs.py:80)
Error loading reddit: No module named praw (modules/reddit.py:14)
Error loading ipython: No module named IPython (modules/ipython.py:23)
Error loading rss: No module named feedparser (modules/rss.py:16)
Error loading bugzilla: No module named lxml (modules/bugzilla.py:11)


Registered 36 modules,
9 modules failed to load


Connecting to irc.twitch.tv:6667...
Connected.
Traceback (most recent call last):
  File "/Library/Python/2.7/site-packages/willie/bot.py", line 741, in call
    exit_code = func(willie, trigger)
  File "/Users/ellensu/.willie/modules/helloworld.py", line 5, in helloworld
    bot.say(len(trigger.bytes))
  File "/Library/Python/2.7/site-packages/willie/bot.py", line 582, in say
    self.bot.msg(self.origin.sender, string, max_messages)
  File "/Library/Python/2.7/site-packages/willie/irc.py", line 466, in msg
    text = encoded_text.decode('utf-8')
AttributeError: 'int' object has no attribute 'decode'

Traceback (most recent call last):
  File "/Library/Python/2.7/site-packages/willie/bot.py", line 741, in call
    exit_code = func(willie, trigger)
  File "/Users/ellensu/.willie/modules/helloworld.py", line 5, in helloworld
    bot.say(len(trigger.bytes))
  File "/Library/Python/2.7/site-packages/willie/bot.py", line 582, in say
    self.bot.msg(self.origin.sender, string, max_messages)
  File "/Library/Python/2.7/site-packages/willie/irc.py", line 466, in msg
    text = encoded_text.decode('utf-8')
AttributeError: 'int' object has no attribute 'decode'

KeyboardInterrupt
Could not open CA certificates file. SSL will not work properly.
Could not open CA certificates file. SSL will not work properly.
No user settings database specified. Ignoring.

Welcome to Willie. Loading modules...


Error loading ip: No module named pygeoip (modules/ip.py:13)
Error loading currency: No module named lxml (modules/currency.py:11)
Error loading weather: No module named feedparser (modules/weather.py:15)
Error loading spellcheck: No module named enchant (modules/spellcheck.py:13)
Error in chanlogs setup procedure: ConfigurationError: Channel logs are not configured (modules/chanlogs.py:80)
Error loading reddit: No module named praw (modules/reddit.py:14)
Error loading ipython: No module named IPython (modules/ipython.py:23)
Error loading rss: No module named feedparser (modules/rss.py:16)
Error loading helloworld: invalid syntax (helloworld.py, line 6) (bot.py:319)
Error loading bugzilla: No module named lxml (modules/bugzilla.py:11)


Registered 35 modules,
10 modules failed to load


Connecting to irc.twitch.tv:6667...
Connected.
KeyboardInterrupt
Could not open CA certificates file. SSL will not work properly.
Could not open CA certificates file. SSL will not work properly.
No user settings database specified. Ignoring.

Welcome to Willie. Loading modules...


Error loading ip: No module named pygeoip (modules/ip.py:13)
Error loading currency: No module named lxml (modules/currency.py:11)
Error loading weather: No module named feedparser (modules/weather.py:15)
Error loading spellcheck: No module named enchant (modules/spellcheck.py:13)
Error in chanlogs setup procedure: ConfigurationError: Channel logs are not configured (modules/chanlogs.py:80)
Error loading reddit: No module named praw (modules/reddit.py:14)
Error loading ipython: No module named IPython (modules/ipython.py:23)
Error loading rss: No module named feedparser (modules/rss.py:16)
Error loading helloworld: unindent does not match any outer indentation level (helloworld.py, line 6) (bot.py:319)
Error loading bugzilla: No module named lxml (modules/bugzilla.py:11)


Registered 35 modules,
10 modules failed to load


Connecting to irc.twitch.tv:6667...
Connected.
KeyboardInterrupt
Could not open CA certificates file. SSL will not work properly.
Could not open CA certificates file. SSL will not work properly.
No user settings database specified. Ignoring.

Welcome to Willie. Loading modules...


Error loading ip: No module named pygeoip (modules/ip.py:13)
Error loading currency: No module named lxml (modules/currency.py:11)
Error loading weather: No module named feedparser (modules/weather.py:15)
Error loading spellcheck: No module named enchant (modules/spellcheck.py:13)
Error in chanlogs setup procedure: ConfigurationError: Channel logs are not configured (modules/chanlogs.py:80)
Error loading reddit: No module named praw (modules/reddit.py:14)
Error loading ipython: No module named IPython (modules/ipython.py:23)
Error loading rss: No module named feedparser (modules/rss.py:16)
Error loading helloworld: unindent does not match any outer indentation level (helloworld.py, line 6) (bot.py:319)
Error loading bugzilla: No module named lxml (modules/bugzilla.py:11)


Registered 35 modules,
10 modules failed to load


Connecting to irc.twitch.tv:6667...
Connected.
KeyboardInterrupt
Could not open CA certificates file. SSL will not work properly.
Could not open CA certificates file. SSL will not work properly.
No user settings database specified. Ignoring.

Welcome to Willie. Loading modules...


Error loading ip: No module named pygeoip (modules/ip.py:13)
Error loading currency: No module named lxml (modules/currency.py:11)
Error loading weather: No module named feedparser (modules/weather.py:15)
Error loading spellcheck: No module named enchant (modules/spellcheck.py:13)
Error in chanlogs setup procedure: ConfigurationError: Channel logs are not configured (modules/chanlogs.py:80)
Error loading reddit: No module named praw (modules/reddit.py:14)
Error loading ipython: No module named IPython (modules/ipython.py:23)
Error loading rss: No module named feedparser (modules/rss.py:16)
Error loading helloworld: unindent does not match any outer indentation level (helloworld.py, line 6) (bot.py:319)
Error loading bugzilla: No module named lxml (modules/bugzilla.py:11)


Registered 35 modules,
10 modules failed to load


Connecting to irc.twitch.tv:6667...
Connected.
KeyboardInterrupt
Could not open CA certificates file. SSL will not work properly.
Could not open CA certificates file. SSL will not work properly.
No user settings database specified. Ignoring.

Welcome to Willie. Loading modules...


Error loading ip: No module named pygeoip (modules/ip.py:13)
Error loading currency: No module named lxml (modules/currency.py:11)
Error loading weather: No module named feedparser (modules/weather.py:15)
Error loading spellcheck: No module named enchant (modules/spellcheck.py:13)
Error in chanlogs setup procedure: ConfigurationError: Channel logs are not configured (modules/chanlogs.py:80)
Error loading reddit: No module named praw (modules/reddit.py:14)
Error loading ipython: No module named IPython (modules/ipython.py:23)
Error loading rss: No module named feedparser (modules/rss.py:16)
Error loading bugzilla: No module named lxml (modules/bugzilla.py:11)


Registered 36 modules,
9 modules failed to load


Connecting to irc.twitch.tv:6667...
Connected.
USERCOLOR reapthenightmare #DAA520
HISTORYEND twitchplayspumpkinbots
hi
KeyboardInterrupt
Could not open CA certificates file. SSL will not work properly.
Could not open CA certificates file. SSL will not work properly.
No user settings database specified. Ignoring.

Welcome to Willie. Loading modules...


Error loading ip: No module named pygeoip (modules/ip.py:13)
Error loading currency: No module named lxml (modules/currency.py:11)
Error loading weather: No module named feedparser (modules/weather.py:15)
Error loading spellcheck: No module named enchant (modules/spellcheck.py:13)
Error in chanlogs setup procedure: ConfigurationError: Channel logs are not configured (modules/chanlogs.py:80)
Error loading reddit: No module named praw (modules/reddit.py:14)
Error loading ipython: No module named IPython (modules/ipython.py:23)
Error loading rss: No module named feedparser (modules/rss.py:16)
Error loading bugzilla: No module named lxml (modules/bugzilla.py:11)


Registered 36 modules,
9 modules failed to load


Connecting to irc.twitch.tv:6667...
Connected.
USERCOLOR reapthenightmare #DAA520
HISTORYEND twitchplayspumpkinbots
wowoowow
whee
Ping timeout reached after 120 seconds, closing connection
Calling shutdown for 2 modules.
calling youtube.shutdown
calling github.shutdown
Closed!
Traceback (most recent call last):
  File "/Library/Python/2.7/site-packages/willie/__init__.py", line 54, in run
    p.run(config.core.host, int(config.core.port))
  File "/Library/Python/2.7/site-packages/willie/irc.py", line 223, in run
    self.initiate_connect(host, port)
  File "/Library/Python/2.7/site-packages/willie/irc.py", line 242, in initiate_connect
    asyncore.loop()
  File "/System/Library/Frameworks/Python.framework/Versions/2.7/lib/python2.7/asyncore.py", line 216, in loop
    poll_fun(timeout, map)
  File "/System/Library/Frameworks/Python.framework/Versions/2.7/lib/python2.7/asyncore.py", line 145, in poll
    r, w, e = select.select(r, w, e, timeout)
error: (9, 'Bad file descriptor')

